<?xml version="1.0" encoding="utf-8"?><testsuites name="pytest tests"><testsuite name="pytest" errors="0" failures="0" skipped="0" tests="8" time="1.341" timestamp="2026-04-26T06:49:04.354345+00:00" hostname="agent-env-b17caac0-5b7b-4a23-8455-7e6d69afe15f"><testcase classname="backend.tests.test_adts.TestContactAPI" name="test_root_endpoint" time="0.242" /><testcase classname="backend.tests.test_adts.TestContactAPI" name="test_post_contact_success" time="0.166" /><testcase classname="backend.tests.test_adts.TestContactAPI" name="test_post_contact_without_phone" time="0.100" /><testcase classname="backend.tests.test_adts.TestContactAPI" name="test_post_contact_missing_required_name" time="0.148" /><testcase classname="backend.tests.test_adts.TestContactAPI" name="test_post_contact_missing_required_email" time="0.101" /><testcase classname="backend.tests.test_adts.TestContactAPI" name="test_post_contact_missing_required_message" time="0.097" /><testcase classname="backend.tests.test_adts.TestContactAPI" name="test_get_contacts" time="0.122" /><testcase classname="backend.tests.test_adts.TestContactAPI" name="test_get_contacts_has_submitted_data" time="0.216" /></testsuite></testsuites>